2014 十二月 31 15:17:20 ## [http-bio-8080-exec-5] ## INFO  ## com.hautbook.register.Action.SessionListener.sessionCreated(SessionListener.java:55) ## session 成功创建！
2014 十二月 31 15:18:27 ## [ContainerBackgroundProcessor[StandardEngine[Catalina]]] ## INFO  ## com.hautbook.register.Action.SessionListener.sessionDestroyed(SessionListener.java:74) ## 该用户已经下线，没有执行application对象的remove方法！
2014 十二月 31 15:18:43 ## [http-bio-8080-exec-13] ## INFO  ## com.hautbook.register.Action.SessionListener.sessionCreated(SessionListener.java:55) ## session 成功创建！
2014 十二月 31 15:20:27 ## [ContainerBackgroundProcessor[StandardEngine[Catalina]]] ## INFO  ## com.hautbook.register.Action.SessionListener.sessionDestroyed(SessionListener.java:74) ## 该用户已经下线，没有执行application对象的remove方法！
2014 十二月 31 15:36:38 ## [http-bio-8080-exec-3] ## INFO  ## com.hautbook.register.Action.SessionListener.sessionCreated(SessionListener.java:55) ## session 成功创建！
2014 十二月 31 15:37:58 ## [ContainerBackgroundProcessor[StandardEngine[Catalina]]] ## INFO  ## com.hautbook.register.Action.SessionListener.sessionDestroyed(SessionListener.java:74) ## 该用户已经下线，没有执行application对象的remove方法！
2015 一月 01 22:18:00 ## [http-bio-8080-exec-3] ## INFO  ## com.hautbook.register.Action.SessionListener.sessionCreated(SessionListener.java:55) ## session 成功创建！
2015 一月 01 22:19:13 ## [http-bio-8080-exec-1] ## INFO  ## com.hautbook.register.Action.SessionListener.sessionDestroyed(SessionListener.java:74) ## 该用户已经下线，没有执行application对象的remove方法！
2015 一月 01 22:19:13 ## [http-bio-8080-exec-1] ## INFO  ## com.hautbook.register.Action.SessionListener.sessionCreated(SessionListener.java:55) ## session 成功创建！
2015 一月 01 22:21:17 ## [ContainerBackgroundProcessor[StandardEngine[Catalina]]] ## INFO  ## com.hautbook.register.Action.SessionListener.sessionDestroyed(SessionListener.java:74) ## 该用户已经下线，没有执行application对象的remove方法！
2015 一月 01 22:24:16 ## [http-bio-8080-exec-9] ## INFO  ## com.hautbook.register.Action.SessionListener.sessionCreated(SessionListener.java:55) ## session 成功创建！
2015 一月 01 22:26:24 ## [ContainerBackgroundProcessor[StandardEngine[Catalina]]] ## INFO  ## com.hautbook.register.Action.SessionListener.sessionDestroyed(SessionListener.java:74) ## 该用户已经下线，没有执行application对象的remove方法！
2015 一月 01 22:27:14 ## [http-bio-8080-exec-18] ## INFO  ## com.hautbook.register.Action.SessionListener.sessionCreated(SessionListener.java:55) ## session 成功创建！
2015 一月 01 22:30:24 ## [ContainerBackgroundProcessor[StandardEngine[Catalina]]] ## INFO  ## com.hautbook.register.Action.SessionListener.sessionDestroyed(SessionListener.java:74) ## 该用户已经下线，没有执行application对象的remove方法！
2015 一月 02 10:09:37 ## [http-bio-8080-exec-7] ## INFO  ## com.hautbook.register.Action.SessionListener.sessionCreated(SessionListener.java:55) ## session 成功创建！
2015 一月 02 10:35:13 ## [http-bio-8080-exec-3] ## INFO  ## com.hautbook.register.Action.SessionListener.sessionCreated(SessionListener.java:55) ## session 成功创建！
2015 一月 02 10:37:06 ## [ContainerBackgroundProcessor[StandardEngine[Catalina]]] ## INFO  ## com.hautbook.register.Action.SessionListener.sessionDestroyed(SessionListener.java:74) ## 该用户已经下线，没有执行application对象的remove方法！
2015 一月 02 10:39:04 ## [http-bio-8080-exec-9] ## INFO  ## com.hautbook.register.Action.SessionListener.sessionCreated(SessionListener.java:55) ## session 成功创建！
2015 一月 02 10:41:12 ## [ContainerBackgroundProcessor[StandardEngine[Catalina]]] ## INFO  ## com.hautbook.register.Action.SessionListener.sessionDestroyed(SessionListener.java:74) ## 该用户已经下线，没有执行application对象的remove方法！
2015 一月 02 10:42:09 ## [http-bio-8080-exec-10] ## INFO  ## com.hautbook.register.Action.SessionListener.sessionCreated(SessionListener.java:55) ## session 成功创建！
2015 一月 02 10:44:15 ## [ContainerBackgroundProcessor[StandardEngine[Catalina]]] ## INFO  ## com.hautbook.register.Action.SessionListener.sessionDestroyed(SessionListener.java:74) ## 该用户已经下线，没有执行application对象的remove方法！
2015 一月 02 10:52:22 ## [http-bio-8080-exec-29] ## INFO  ## com.hautbook.register.Action.SessionListener.sessionCreated(SessionListener.java:55) ## session 成功创建！
2015 一月 02 10:54:17 ## [ContainerBackgroundProcessor[StandardEngine[Catalina]]] ## INFO  ## com.hautbook.register.Action.SessionListener.sessionDestroyed(SessionListener.java:74) ## 该用户已经下线，没有执行application对象的remove方法！
2015 一月 03 20:03:14 ## [http-bio-8080-exec-53] ## INFO  ## com.hautbook.register.Action.SessionListener.sessionCreated(SessionListener.java:55) ## session 成功创建！
2015 一月 03 20:05:27 ## [ContainerBackgroundProcessor[StandardEngine[Catalina]]] ## INFO  ## com.hautbook.register.Action.SessionListener.sessionDestroyed(SessionListener.java:74) ## 该用户已经下线，没有执行application对象的remove方法！
2015 一月 03 22:55:58 ## [http-bio-8080-exec-115] ## INFO  ## com.hautbook.register.Action.SessionListener.sessionCreated(SessionListener.java:55) ## session 成功创建！
2015 一月 03 22:57:19 ## [ContainerBackgroundProcessor[StandardEngine[Catalina]]] ## INFO  ## com.hautbook.register.Action.SessionListener.sessionDestroyed(SessionListener.java:74) ## 该用户已经下线，没有执行application对象的remove方法！
2015 一月 03 23:02:15 ## [http-bio-8080-exec-126] ## INFO  ## com.hautbook.register.Action.SessionListener.sessionCreated(SessionListener.java:55) ## session 成功创建！
2015 一月 03 23:04:21 ## [ContainerBackgroundProcessor[StandardEngine[Catalina]]] ## INFO  ## com.hautbook.register.Action.SessionListener.sessionDestroyed(SessionListener.java:74) ## 该用户已经下线，没有执行application对象的remove方法！
2015 一月 03 23:15:20 ## [http-bio-8080-exec-131] ## INFO  ## com.hautbook.register.Action.SessionListener.sessionCreated(SessionListener.java:55) ## session 成功创建！
2015 一月 03 23:17:24 ## [ContainerBackgroundProcessor[StandardEngine[Catalina]]] ## INFO  ## com.hautbook.register.Action.SessionListener.sessionDestroyed(SessionListener.java:74) ## 该用户已经下线，没有执行application对象的remove方法！
2015 一月 03 23:17:51 ## [http-bio-8080-exec-137] ## INFO  ## com.hautbook.register.Action.SessionListener.sessionCreated(SessionListener.java:55) ## session 成功创建！
2015 一月 03 23:19:26 ## [ContainerBackgroundProcessor[StandardEngine[Catalina]]] ## INFO  ## com.hautbook.register.Action.SessionListener.sessionDestroyed(SessionListener.java:74) ## 该用户已经下线，没有执行application对象的remove方法！
2015 一月 03 23:20:21 ## [http-bio-8080-exec-150] ## INFO  ## com.hautbook.register.Action.SessionListener.sessionCreated(SessionListener.java:55) ## session 成功创建！
2015 一月 03 23:21:27 ## [ContainerBackgroundProcessor[StandardEngine[Catalina]]] ## INFO  ## com.hautbook.register.Action.SessionListener.sessionDestroyed(SessionListener.java:74) ## 该用户已经下线，没有执行application对象的remove方法！
2015 一月 03 23:22:04 ## [http-bio-8080-exec-151] ## INFO  ## com.hautbook.register.Action.SessionListener.sessionCreated(SessionListener.java:55) ## session 成功创建！
2015 一月 03 23:23:29 ## [ContainerBackgroundProcessor[StandardEngine[Catalina]]] ## INFO  ## com.hautbook.register.Action.SessionListener.sessionDestroyed(SessionListener.java:74) ## 该用户已经下线，没有执行application对象的remove方法！
2015 一月 03 23:25:25 ## [http-bio-8080-exec-163] ## INFO  ## com.hautbook.register.Action.SessionListener.sessionCreated(SessionListener.java:55) ## session 成功创建！
2015 一月 03 23:26:32 ## [ContainerBackgroundProcessor[StandardEngine[Catalina]]] ## INFO  ## com.hautbook.register.Action.SessionListener.sessionDestroyed(SessionListener.java:74) ## 该用户已经下线，没有执行application对象的remove方法！
2015 一月 03 23:26:37 ## [http-bio-8080-exec-167] ## INFO  ## com.hautbook.register.Action.SessionListener.sessionCreated(SessionListener.java:55) ## session 成功创建！
2015 一月 03 23:28:32 ## [ContainerBackgroundProcessor[StandardEngine[Catalina]]] ## INFO  ## com.hautbook.register.Action.SessionListener.sessionDestroyed(SessionListener.java:74) ## 该用户已经下线，没有执行application对象的remove方法！
2015 一月 04 14:27:28 ## [http-bio-8080-exec-3] ## INFO  ## com.hautbook.register.Action.SessionListener.sessionCreated(SessionListener.java:55) ## session 成功创建！
2015 一月 04 14:31:16 ## [ContainerBackgroundProcessor[StandardEngine[Catalina]]] ## INFO  ## com.hautbook.register.Action.SessionListener.sessionDestroyed(SessionListener.java:74) ## 该用户已经下线，没有执行application对象的remove方法！
2015 一月 04 14:35:02 ## [http-bio-8080-exec-1] ## INFO  ## com.hautbook.register.Action.SessionListener.sessionCreated(SessionListener.java:55) ## session 成功创建！
2015 一月 04 14:35:05 ## [http-bio-8080-exec-6] ## INFO  ## com.hautbook.register.Action.SessionListener.sessionCreated(SessionListener.java:55) ## session 成功创建！
2015 一月 04 14:37:18 ## [http-bio-8080-exec-3] ## INFO  ## com.hautbook.register.Action.SessionListener.sessionDestroyed(SessionListener.java:74) ## 该用户已经下线，没有执行application对象的remove方法！
2015 一月 04 14:37:23 ## [http-bio-8080-exec-3] ## INFO  ## com.hautbook.register.Action.SessionListener.sessionCreated(SessionListener.java:55) ## session 成功创建！
2015 一月 04 14:38:04 ## [ContainerBackgroundProcessor[StandardEngine[Catalina]]] ## INFO  ## com.hautbook.register.Action.SessionListener.sessionDestroyed(SessionListener.java:74) ## 该用户已经下线，没有执行application对象的remove方法！
2015 一月 04 14:39:05 ## [ContainerBackgroundProcessor[StandardEngine[Catalina]]] ## INFO  ## com.hautbook.register.Action.SessionListener.sessionDestroyed(SessionListener.java:74) ## 该用户已经下线，没有执行application对象的remove方法！
2015 一月 04 14:42:15 ## [http-bio-8080-exec-3] ## INFO  ## com.hautbook.register.Action.SessionListener.sessionCreated(SessionListener.java:55) ## session 成功创建！
2015 一月 04 14:43:44 ## [http-bio-8080-exec-3] ## INFO  ## com.hautbook.register.Action.SessionListener.sessionCreated(SessionListener.java:55) ## session 成功创建！
2015 一月 04 14:50:31 ## [ContainerBackgroundProcessor[StandardEngine[Catalina]]] ## INFO  ## com.hautbook.register.Action.SessionListener.sessionDestroyed(SessionListener.java:74) ## 该用户已经下线，没有执行application对象的remove方法！
2015 一月 04 16:16:48 ## [http-bio-8080-exec-18] ## INFO  ## com.hautbook.register.Action.SessionListener.sessionCreated(SessionListener.java:67) ## session 成功创建！
2015 一月 04 16:25:44 ## [ContainerBackgroundProcessor[StandardEngine[Catalina]]] ## INFO  ## com.hautbook.register.Action.SessionListener.sessionDestroyed(SessionListener.java:85) ## session到期，但用户已经下线！
2015 一月 04 16:25:44 ## [ContainerBackgroundProcessor[StandardEngine[Catalina]]] ## INFO  ## com.hautbook.register.Action.SessionListener.sessionDestroyed(SessionListener.java:98) ## 删除文件：F:\tomcatWeb\webapps\SecondBook2/temp/D9A2CC140F05120AC809C6F79FFC4A4B/13.jpg不存在！
2015 一月 04 16:25:44 ## [ContainerBackgroundProcessor[StandardEngine[Catalina]]] ## INFO  ## com.hautbook.register.Action.SessionListener.sessionDestroyed(SessionListener.java:98) ## 删除文件：F:\tomcatWeb\webapps\SecondBook2/temp/D9A2CC140F05120AC809C6F79FFC4A4B/12.jpg不存在！
2015 一月 04 16:25:44 ## [ContainerBackgroundProcessor[StandardEngine[Catalina]]] ## INFO  ## com.hautbook.register.Action.SessionListener.sessionDestroyed(SessionListener.java:100) ## F:\tomcatWeb\webapps\SecondBook2/temp/D9A2CC140F05120AC809C6F79FFC4A4B/15.jpeg 删除成功！
2015 一月 04 16:25:44 ## [ContainerBackgroundProcessor[StandardEngine[Catalina]]] ## INFO  ## com.hautbook.register.Action.SessionListener.sessionDestroyed(SessionListener.java:100) ## F:\tomcatWeb\webapps\SecondBook2/temp/D9A2CC140F05120AC809C6F79FFC4A4B/14.jpeg 删除成功！
2015 一月 04 16:25:44 ## [ContainerBackgroundProcessor[StandardEngine[Catalina]]] ## INFO  ## com.hautbook.register.Action.SessionListener.sessionDestroyed(SessionListener.java:98) ## 删除文件：F:\tomcatWeb\webapps\SecondBook2/temp/D9A2CC140F05120AC809C6F79FFC4A4B/11.jpg不存在！
2015 一月 04 16:25:44 ## [ContainerBackgroundProcessor[StandardEngine[Catalina]]] ## INFO  ## com.hautbook.register.Action.SessionListener.sessionDestroyed(SessionListener.java:98) ## 删除文件：F:\tomcatWeb\webapps\SecondBook2/temp/D9A2CC140F05120AC809C6F79FFC4A4B/10.jpeg不存在！
2015 一月 04 16:25:44 ## [ContainerBackgroundProcessor[StandardEngine[Catalina]]] ## INFO  ## com.hautbook.register.Action.SessionListener.sessionDestroyed(SessionListener.java:98) ## 删除文件：F:\tomcatWeb\webapps\SecondBook2/temp/D9A2CC140F05120AC809C6F79FFC4A4B/2.jpeg不存在！
2015 一月 04 16:25:44 ## [ContainerBackgroundProcessor[StandardEngine[Catalina]]] ## INFO  ## com.hautbook.register.Action.SessionListener.sessionDestroyed(SessionListener.java:98) ## 删除文件：F:\tomcatWeb\webapps\SecondBook2/temp/D9A2CC140F05120AC809C6F79FFC4A4B/1.jpeg不存在！
2015 一月 04 16:25:44 ## [ContainerBackgroundProcessor[StandardEngine[Catalina]]] ## INFO  ## com.hautbook.register.Action.SessionListener.sessionDestroyed(SessionListener.java:98) ## 删除文件：F:\tomcatWeb\webapps\SecondBook2/temp/D9A2CC140F05120AC809C6F79FFC4A4B/8.jpeg不存在！
2015 一月 04 16:25:44 ## [ContainerBackgroundProcessor[StandardEngine[Catalina]]] ## INFO  ## com.hautbook.register.Action.SessionListener.sessionDestroyed(SessionListener.java:98) ## 删除文件：F:\tomcatWeb\webapps\SecondBook2/temp/D9A2CC140F05120AC809C6F79FFC4A4B/7.jpeg不存在！
2015 一月 04 16:25:44 ## [ContainerBackgroundProcessor[StandardEngine[Catalina]]] ## INFO  ## com.hautbook.register.Action.SessionListener.sessionDestroyed(SessionListener.java:98) ## 删除文件：F:\tomcatWeb\webapps\SecondBook2/temp/D9A2CC140F05120AC809C6F79FFC4A4B/9.jpg不存在！
2015 一月 04 16:25:44 ## [ContainerBackgroundProcessor[StandardEngine[Catalina]]] ## INFO  ## com.hautbook.register.Action.SessionListener.sessionDestroyed(SessionListener.java:98) ## 删除文件：F:\tomcatWeb\webapps\SecondBook2/temp/D9A2CC140F05120AC809C6F79FFC4A4B/4.jpeg不存在！
2015 一月 04 16:25:44 ## [ContainerBackgroundProcessor[StandardEngine[Catalina]]] ## INFO  ## com.hautbook.register.Action.SessionListener.sessionDestroyed(SessionListener.java:98) ## 删除文件：F:\tomcatWeb\webapps\SecondBook2/temp/D9A2CC140F05120AC809C6F79FFC4A4B/3.jpeg不存在！
2015 一月 04 16:25:44 ## [ContainerBackgroundProcessor[StandardEngine[Catalina]]] ## INFO  ## com.hautbook.register.Action.SessionListener.sessionDestroyed(SessionListener.java:98) ## 删除文件：F:\tomcatWeb\webapps\SecondBook2/temp/D9A2CC140F05120AC809C6F79FFC4A4B/6.jpeg不存在！
2015 一月 04 16:25:44 ## [ContainerBackgroundProcessor[StandardEngine[Catalina]]] ## INFO  ## com.hautbook.register.Action.SessionListener.sessionDestroyed(SessionListener.java:98) ## 删除文件：F:\tomcatWeb\webapps\SecondBook2/temp/D9A2CC140F05120AC809C6F79FFC4A4B/5.jpeg不存在！
2015 一月 04 16:27:55 ## [http-bio-8080-exec-6] ## INFO  ## com.hautbook.register.Action.SessionListener.sessionCreated(SessionListener.java:67) ## session 成功创建！
2015 一月 04 16:28:25 ## [http-bio-8080-exec-3] ## INFO  ## com.hautbook.register.Action.SessionListener.sessionCreated(SessionListener.java:67) ## session 成功创建！
2015 一月 04 16:30:11 ## [ContainerBackgroundProcessor[StandardEngine[Catalina]]] ## INFO  ## com.hautbook.register.Action.SessionListener.sessionDestroyed(SessionListener.java:85) ## session到期，但用户已经下线！
2015 一月 04 16:30:11 ## [ContainerBackgroundProcessor[StandardEngine[Catalina]]] ## INFO  ## com.hautbook.register.Action.SessionListener.sessionDestroyed(SessionListener.java:100) ## F:\tomcatWeb\webapps\SecondBook2/temp/2662D47B8E46A13F5A1986DF561ABCA7/13.jpg 删除成功！
2015 一月 04 16:30:11 ## [ContainerBackgroundProcessor[StandardEngine[Catalina]]] ## INFO  ## com.hautbook.register.Action.SessionListener.sessionDestroyed(SessionListener.java:100) ## F:\tomcatWeb\webapps\SecondBook2/temp/2662D47B8E46A13F5A1986DF561ABCA7/12.jpeg 删除成功！
2015 一月 04 16:30:11 ## [ContainerBackgroundProcessor[StandardEngine[Catalina]]] ## INFO  ## com.hautbook.register.Action.SessionListener.sessionDestroyed(SessionListener.java:100) ## F:\tomcatWeb\webapps\SecondBook2/temp/2662D47B8E46A13F5A1986DF561ABCA7/15.jpg 删除成功！
2015 一月 04 16:30:11 ## [ContainerBackgroundProcessor[StandardEngine[Catalina]]] ## INFO  ## com.hautbook.register.Action.SessionListener.sessionDestroyed(SessionListener.java:100) ## F:\tomcatWeb\webapps\SecondBook2/temp/2662D47B8E46A13F5A1986DF561ABCA7/14.jpg 删除成功！
2015 一月 04 16:30:11 ## [ContainerBackgroundProcessor[StandardEngine[Catalina]]] ## INFO  ## com.hautbook.register.Action.SessionListener.sessionDestroyed(SessionListener.java:100) ## F:\tomcatWeb\webapps\SecondBook2/temp/2662D47B8E46A13F5A1986DF561ABCA7/11.jpeg 删除成功！
2015 一月 04 16:30:11 ## [ContainerBackgroundProcessor[StandardEngine[Catalina]]] ## INFO  ## com.hautbook.register.Action.SessionListener.sessionDestroyed(SessionListener.java:100) ## F:\tomcatWeb\webapps\SecondBook2/temp/2662D47B8E46A13F5A1986DF561ABCA7/10.jpeg 删除成功！
2015 一月 04 16:30:11 ## [ContainerBackgroundProcessor[StandardEngine[Catalina]]] ## INFO  ## com.hautbook.register.Action.SessionListener.sessionDestroyed(SessionListener.java:100) ## F:\tomcatWeb\webapps\SecondBook2/temp/2662D47B8E46A13F5A1986DF561ABCA7/2.jpg 删除成功！
2015 一月 04 16:30:11 ## [ContainerBackgroundProcessor[StandardEngine[Catalina]]] ## INFO  ## com.hautbook.register.Action.SessionListener.sessionDestroyed(SessionListener.java:100) ## F:\tomcatWeb\webapps\SecondBook2/temp/2662D47B8E46A13F5A1986DF561ABCA7/1.jpg 删除成功！
2015 一月 04 16:30:11 ## [ContainerBackgroundProcessor[StandardEngine[Catalina]]] ## INFO  ## com.hautbook.register.Action.SessionListener.sessionDestroyed(SessionListener.java:100) ## F:\tomcatWeb\webapps\SecondBook2/temp/2662D47B8E46A13F5A1986DF561ABCA7/8.jpeg 删除成功！
2015 一月 04 16:30:11 ## [ContainerBackgroundProcessor[StandardEngine[Catalina]]] ## INFO  ## com.hautbook.register.Action.SessionListener.sessionDestroyed(SessionListener.java:100) ## F:\tomcatWeb\webapps\SecondBook2/temp/2662D47B8E46A13F5A1986DF561ABCA7/7.jpg 删除成功！
2015 一月 04 16:30:11 ## [ContainerBackgroundProcessor[StandardEngine[Catalina]]] ## INFO  ## com.hautbook.register.Action.SessionListener.sessionDestroyed(SessionListener.java:100) ## F:\tomcatWeb\webapps\SecondBook2/temp/2662D47B8E46A13F5A1986DF561ABCA7/9.jpeg 删除成功！
2015 一月 04 16:30:11 ## [ContainerBackgroundProcessor[StandardEngine[Catalina]]] ## INFO  ## com.hautbook.register.Action.SessionListener.sessionDestroyed(SessionListener.java:100) ## F:\tomcatWeb\webapps\SecondBook2/temp/2662D47B8E46A13F5A1986DF561ABCA7/4.jpg 删除成功！
2015 一月 04 16:30:11 ## [ContainerBackgroundProcessor[StandardEngine[Catalina]]] ## INFO  ## com.hautbook.register.Action.SessionListener.sessionDestroyed(SessionListener.java:100) ## F:\tomcatWeb\webapps\SecondBook2/temp/2662D47B8E46A13F5A1986DF561ABCA7/3.jpg 删除成功！
2015 一月 04 16:30:11 ## [ContainerBackgroundProcessor[StandardEngine[Catalina]]] ## INFO  ## com.hautbook.register.Action.SessionListener.sessionDestroyed(SessionListener.java:100) ## F:\tomcatWeb\webapps\SecondBook2/temp/2662D47B8E46A13F5A1986DF561ABCA7/6.jpg 删除成功！
2015 一月 04 16:30:11 ## [ContainerBackgroundProcessor[StandardEngine[Catalina]]] ## INFO  ## com.hautbook.register.Action.SessionListener.sessionDestroyed(SessionListener.java:100) ## F:\tomcatWeb\webapps\SecondBook2/temp/2662D47B8E46A13F5A1986DF561ABCA7/5.jpg 删除成功！
2015 一月 04 17:31:47 ## [http-bio-8080-exec-17] ## INFO  ## com.hautbook.register.Action.SessionListener.sessionCreated(SessionListener.java:67) ## session 成功创建！
2015 一月 04 17:33:18 ## [ContainerBackgroundProcessor[StandardEngine[Catalina]]] ## INFO  ## com.hautbook.register.Action.SessionListener.sessionDestroyed(SessionListener.java:85) ## session到期，但用户已经下线！
2015 一月 04 17:33:18 ## [ContainerBackgroundProcessor[StandardEngine[Catalina]]] ## INFO  ## com.hautbook.register.Action.SessionListener.sessionDestroyed(SessionListener.java:100) ## image2 注销成功！
2015 一月 04 17:33:18 ## [ContainerBackgroundProcessor[StandardEngine[Catalina]]] ## INFO  ## com.hautbook.register.Action.SessionListener.sessionDestroyed(SessionListener.java:100) ## image1 注销成功！
2015 一月 04 17:33:18 ## [ContainerBackgroundProcessor[StandardEngine[Catalina]]] ## INFO  ## com.hautbook.register.Action.SessionListener.sessionDestroyed(SessionListener.java:100) ## image8 注销成功！
2015 一月 04 17:33:18 ## [ContainerBackgroundProcessor[StandardEngine[Catalina]]] ## INFO  ## com.hautbook.register.Action.SessionListener.sessionDestroyed(SessionListener.java:100) ## image7 注销成功！
2015 一月 04 17:33:18 ## [ContainerBackgroundProcessor[StandardEngine[Catalina]]] ## INFO  ## com.hautbook.register.Action.SessionListener.sessionDestroyed(SessionListener.java:100) ## image9 注销成功！
2015 一月 04 17:33:18 ## [ContainerBackgroundProcessor[StandardEngine[Catalina]]] ## INFO  ## com.hautbook.register.Action.SessionListener.sessionDestroyed(SessionListener.java:100) ## image4 注销成功！
2015 一月 04 17:33:18 ## [ContainerBackgroundProcessor[StandardEngine[Catalina]]] ## INFO  ## com.hautbook.register.Action.SessionListener.sessionDestroyed(SessionListener.java:100) ## image3 注销成功！
2015 一月 04 17:33:18 ## [ContainerBackgroundProcessor[StandardEngine[Catalina]]] ## INFO  ## com.hautbook.register.Action.SessionListener.sessionDestroyed(SessionListener.java:100) ## image6 注销成功！
2015 一月 04 17:33:18 ## [ContainerBackgroundProcessor[StandardEngine[Catalina]]] ## INFO  ## com.hautbook.register.Action.SessionListener.sessionDestroyed(SessionListener.java:100) ## image5 注销成功！
2015 一月 04 17:33:18 ## [ContainerBackgroundProcessor[StandardEngine[Catalina]]] ## INFO  ## com.hautbook.register.Action.SessionListener.sessionDestroyed(SessionListener.java:100) ## image10 注销成功！
2015 一月 04 17:33:18 ## [ContainerBackgroundProcessor[StandardEngine[Catalina]]] ## INFO  ## com.hautbook.register.Action.SessionListener.sessionDestroyed(SessionListener.java:104) ## 文件夹： 删除成功！
2015 一月 04 17:43:27 ## [http-bio-8080-exec-30] ## INFO  ## com.hautbook.register.Action.SessionListener.sessionCreated(SessionListener.java:67) ## session 成功创建！
2015 一月 04 17:45:21 ## [ContainerBackgroundProcessor[StandardEngine[Catalina]]] ## INFO  ## com.hautbook.register.Action.SessionListener.sessionDestroyed(SessionListener.java:85) ## session到期，但用户已经下线！
2015 一月 04 17:45:21 ## [ContainerBackgroundProcessor[StandardEngine[Catalina]]] ## INFO  ## com.hautbook.register.Action.SessionListener.sessionDestroyed(SessionListener.java:103) ## image2 注销成功！
2015 一月 04 17:45:21 ## [ContainerBackgroundProcessor[StandardEngine[Catalina]]] ## INFO  ## com.hautbook.register.Action.SessionListener.sessionDestroyed(SessionListener.java:103) ## image1 注销成功！
2015 一月 04 17:45:21 ## [ContainerBackgroundProcessor[StandardEngine[Catalina]]] ## INFO  ## com.hautbook.register.Action.SessionListener.sessionDestroyed(SessionListener.java:103) ## image8 注销成功！
2015 一月 04 17:45:21 ## [ContainerBackgroundProcessor[StandardEngine[Catalina]]] ## INFO  ## com.hautbook.register.Action.SessionListener.sessionDestroyed(SessionListener.java:103) ## image7 注销成功！
2015 一月 04 17:45:21 ## [ContainerBackgroundProcessor[StandardEngine[Catalina]]] ## INFO  ## com.hautbook.register.Action.SessionListener.sessionDestroyed(SessionListener.java:103) ## image4 注销成功！
2015 一月 04 17:45:21 ## [ContainerBackgroundProcessor[StandardEngine[Catalina]]] ## INFO  ## com.hautbook.register.Action.SessionListener.sessionDestroyed(SessionListener.java:103) ## image3 注销成功！
2015 一月 04 17:45:21 ## [ContainerBackgroundProcessor[StandardEngine[Catalina]]] ## INFO  ## com.hautbook.register.Action.SessionListener.sessionDestroyed(SessionListener.java:103) ## image6 注销成功！
2015 一月 04 17:45:21 ## [ContainerBackgroundProcessor[StandardEngine[Catalina]]] ## INFO  ## com.hautbook.register.Action.SessionListener.sessionDestroyed(SessionListener.java:103) ## image5 注销成功！
2015 一月 04 17:45:21 ## [ContainerBackgroundProcessor[StandardEngine[Catalina]]] ## INFO  ## com.hautbook.register.Action.SessionListener.sessionDestroyed(SessionListener.java:107) ## 文件夹： 删除成功！
2015 一月 04 17:47:19 ## [http-bio-8080-exec-38] ## INFO  ## com.hautbook.register.Action.SessionListener.sessionCreated(SessionListener.java:67) ## session 成功创建！
2015 一月 04 17:48:19 ## [localhost-startStop-2] ## INFO  ## com.hautbook.register.Action.SessionListener.sessionDestroyed(SessionListener.java:85) ## session到期，但用户已经下线！
2015 一月 04 17:50:25 ## [localhost-startStop-2] ## INFO  ## com.hautbook.register.Action.SessionListener.sessionDestroyed(SessionListener.java:103) ## image1 注销成功！
2015 一月 04 17:50:25 ## [localhost-startStop-2] ## INFO  ## com.hautbook.register.Action.SessionListener.sessionDestroyed(SessionListener.java:107) ## 文件夹： 删除成功！
2015 一月 04 17:51:59 ## [http-bio-8080-exec-3] ## INFO  ## com.hautbook.register.Action.SessionListener.sessionCreated(SessionListener.java:67) ## session 成功创建！
2015 一月 04 17:53:14 ## [ContainerBackgroundProcessor[StandardEngine[Catalina]]] ## INFO  ## com.hautbook.register.Action.SessionListener.sessionDestroyed(SessionListener.java:85) ## session到期，但用户已经下线！
2015 一月 04 17:53:14 ## [ContainerBackgroundProcessor[StandardEngine[Catalina]]] ## INFO  ## com.hautbook.register.Action.SessionListener.sessionDestroyed(SessionListener.java:103) ## image1 注销成功！
2015 一月 04 17:53:14 ## [ContainerBackgroundProcessor[StandardEngine[Catalina]]] ## INFO  ## com.hautbook.register.Action.SessionListener.sessionDestroyed(SessionListener.java:107) ## 文件夹： 删除成功！
2015 一月 04 17:53:21 ## [http-bio-8080-exec-8] ## INFO  ## com.hautbook.register.Action.SessionListener.sessionCreated(SessionListener.java:67) ## session 成功创建！
2015 一月 04 17:55:56 ## [ContainerBackgroundProcessor[StandardEngine[Catalina]]] ## INFO  ## com.hautbook.register.Action.SessionListener.sessionDestroyed(SessionListener.java:85) ## session到期，但用户已经下线！
2015 一月 04 17:55:56 ## [ContainerBackgroundProcessor[StandardEngine[Catalina]]] ## INFO  ## com.hautbook.register.Action.SessionListener.sessionDestroyed(SessionListener.java:103) ## image1 注销成功！
2015 一月 04 17:55:56 ## [ContainerBackgroundProcessor[StandardEngine[Catalina]]] ## INFO  ## com.hautbook.register.Action.SessionListener.sessionDestroyed(SessionListener.java:107) ## 文件夹： F:\tomcatWeb\webapps\SecondBook2/temp/1E75144C6086A779F56DC05EF4373B5C删除成功！
2015 一月 04 17:57:13 ## [http-bio-8080-exec-17] ## INFO  ## com.hautbook.register.Action.SessionListener.sessionCreated(SessionListener.java:67) ## session 成功创建！
2015 一月 04 17:59:04 ## [ContainerBackgroundProcessor[StandardEngine[Catalina]]] ## INFO  ## com.hautbook.register.Action.SessionListener.sessionDestroyed(SessionListener.java:85) ## session到期，但用户已经下线！
2015 一月 04 17:59:04 ## [ContainerBackgroundProcessor[StandardEngine[Catalina]]] ## INFO  ## com.hautbook.register.Action.SessionListener.sessionDestroyed(SessionListener.java:103) ## image1 注销成功！
2015 一月 04 17:59:04 ## [ContainerBackgroundProcessor[StandardEngine[Catalina]]] ## INFO  ## com.hautbook.register.Action.SessionListener.sessionDestroyed(SessionListener.java:107) ## 文件夹： F:\tomcatWeb\webapps\SecondBook2/temp/9FE29F18C4C685A1D88E649B0CF1BFCF删除成功！
2015 一月 04 18:00:35 ## [http-bio-8080-exec-22] ## INFO  ## com.hautbook.register.Action.SessionListener.sessionCreated(SessionListener.java:67) ## session 成功创建！
2015 一月 04 18:02:13 ## [http-bio-8080-exec-3] ## INFO  ## com.hautbook.register.Action.SessionListener.sessionCreated(SessionListener.java:67) ## session 成功创建！
2015 一月 04 18:04:08 ## [ContainerBackgroundProcessor[StandardEngine[Catalina]]] ## INFO  ## com.hautbook.register.Action.SessionListener.sessionDestroyed(SessionListener.java:85) ## session到期，但用户已经下线！
2015 一月 04 18:04:08 ## [ContainerBackgroundProcessor[StandardEngine[Catalina]]] ## INFO  ## com.hautbook.register.Action.SessionListener.sessionDestroyed(SessionListener.java:103) ## image1 注销成功！
2015 一月 04 18:04:08 ## [ContainerBackgroundProcessor[StandardEngine[Catalina]]] ## INFO  ## com.hautbook.register.Action.SessionListener.sessionDestroyed(SessionListener.java:107) ## 文件夹： F:\tomcatWeb\webapps\SecondBook2/temp/DC19F627C7C5E49E8522888DD4356C5B删除成功！
2015 一月 04 18:09:53 ## [http-bio-8080-exec-3] ## INFO  ## com.hautbook.register.Action.SessionListener.sessionCreated(SessionListener.java:67) ## session 成功创建！
2015 一月 04 18:10:16 ## [localhost-startStop-2] ## INFO  ## com.hautbook.register.Action.SessionListener.sessionDestroyed(SessionListener.java:85) ## session到期，但用户已经下线！
2015 一月 04 18:10:16 ## [localhost-startStop-2] ## INFO  ## com.hautbook.register.Action.SessionListener.sessionDestroyed(SessionListener.java:103) ## image1 注销成功！
2015 一月 04 18:10:16 ## [localhost-startStop-2] ## INFO  ## com.hautbook.register.Action.SessionListener.sessionDestroyed(SessionListener.java:107) ## 文件夹： F:\tomcatWeb\webapps\SecondBook2/temp/DE6B63D649A4210DF9303FCEEB168026删除成功！
2015 一月 04 18:11:37 ## [http-bio-8080-exec-3] ## INFO  ## com.hautbook.register.Action.SessionListener.sessionCreated(SessionListener.java:67) ## session 成功创建！
2015 一月 04 18:12:16 ## [localhost-startStop-2] ## INFO  ## com.hautbook.register.Action.SessionListener.sessionDestroyed(SessionListener.java:85) ## session到期，但用户已经下线！
2015 一月 04 18:12:16 ## [localhost-startStop-2] ## INFO  ## com.hautbook.register.Action.SessionListener.sessionDestroyed(SessionListener.java:103) ## image1 注销成功！
2015 一月 04 18:12:16 ## [localhost-startStop-2] ## INFO  ## com.hautbook.register.Action.SessionListener.sessionDestroyed(SessionListener.java:107) ## 文件夹： F:\tomcatWeb\webapps\SecondBook2/temp/36DC96003EB763C03E9D22A85EFCABEA删除成功！
2015 一月 04 18:13:10 ## [http-bio-8080-exec-3] ## INFO  ## com.hautbook.register.Action.SessionListener.sessionCreated(SessionListener.java:67) ## session 成功创建！
2015 一月 04 18:14:48 ## [ContainerBackgroundProcessor[StandardEngine[Catalina]]] ## INFO  ## com.hautbook.register.Action.SessionListener.sessionDestroyed(SessionListener.java:85) ## session到期，但用户已经下线！
2015 一月 04 18:14:48 ## [ContainerBackgroundProcessor[StandardEngine[Catalina]]] ## INFO  ## com.hautbook.register.Action.SessionListener.sessionDestroyed(SessionListener.java:103) ## image1 注销成功！
2015 一月 04 18:14:48 ## [ContainerBackgroundProcessor[StandardEngine[Catalina]]] ## INFO  ## com.hautbook.register.Action.SessionListener.sessionDestroyed(SessionListener.java:107) ## 文件夹： F:\tomcatWeb\webapps\SecondBook2/temp/8E59505622DCA3FE2791821CA02814F3删除成功！
2015 一月 04 18:18:45 ## [http-bio-8080-exec-3] ## INFO  ## com.hautbook.register.Action.SessionListener.sessionCreated(SessionListener.java:67) ## session 成功创建！
2015 一月 04 18:20:00 ## [ContainerBackgroundProcessor[StandardEngine[Catalina]]] ## INFO  ## com.hautbook.register.Action.SessionListener.sessionDestroyed(SessionListener.java:85) ## session到期，但用户已经下线！
2015 一月 04 18:20:00 ## [ContainerBackgroundProcessor[StandardEngine[Catalina]]] ## INFO  ## com.hautbook.register.Action.SessionListener.sessionDestroyed(SessionListener.java:103) ## image1 注销成功！
2015 一月 04 18:20:00 ## [ContainerBackgroundProcessor[StandardEngine[Catalina]]] ## INFO  ## com.hautbook.register.Action.SessionListener.sessionDestroyed(SessionListener.java:107) ## 文件夹： F:\tomcatWeb\webapps\SecondBook2/temp/A1F2796A9B1B4598697EB2E0A6AE5A0E删除成功！
2015 一月 04 18:21:36 ## [http-bio-8080-exec-6] ## INFO  ## com.hautbook.register.Action.SessionListener.sessionCreated(SessionListener.java:67) ## session 成功创建！
2015 一月 04 18:22:10 ## [localhost-startStop-3] ## INFO  ## com.hautbook.register.Action.SessionListener.sessionDestroyed(SessionListener.java:85) ## session到期，但用户已经下线！
2015 一月 04 18:22:10 ## [localhost-startStop-3] ## INFO  ## com.hautbook.register.Action.SessionListener.sessionDestroyed(SessionListener.java:103) ## image2 注销成功！
2015 一月 04 18:22:10 ## [localhost-startStop-3] ## INFO  ## com.hautbook.register.Action.SessionListener.sessionDestroyed(SessionListener.java:103) ## image1 注销成功！
2015 一月 04 18:22:10 ## [localhost-startStop-3] ## INFO  ## com.hautbook.register.Action.SessionListener.sessionDestroyed(SessionListener.java:103) ## image4 注销成功！
2015 一月 04 18:22:10 ## [localhost-startStop-3] ## INFO  ## com.hautbook.register.Action.SessionListener.sessionDestroyed(SessionListener.java:103) ## image3 注销成功！
2015 一月 04 18:22:10 ## [localhost-startStop-3] ## INFO  ## com.hautbook.register.Action.SessionListener.sessionDestroyed(SessionListener.java:103) ## image5 注销成功！
2015 一月 04 18:22:10 ## [localhost-startStop-3] ## INFO  ## com.hautbook.register.Action.SessionListener.sessionDestroyed(SessionListener.java:107) ## 文件夹： F:\tomcatWeb\webapps\SecondBook2/temp/5726DC1B06CF90A813ACBD3F92239DA3删除成功！
2015 一月 04 18:22:23 ## [http-bio-8080-exec-3] ## INFO  ## com.hautbook.register.Action.SessionListener.sessionCreated(SessionListener.java:67) ## session 成功创建！
2015 一月 04 18:24:17 ## [ContainerBackgroundProcessor[StandardEngine[Catalina]]] ## INFO  ## com.hautbook.register.Action.SessionListener.sessionDestroyed(SessionListener.java:85) ## session到期，但用户已经下线！
2015 一月 04 18:24:17 ## [ContainerBackgroundProcessor[StandardEngine[Catalina]]] ## INFO  ## com.hautbook.register.Action.SessionListener.sessionDestroyed(SessionListener.java:103) ## image2 注销成功！
2015 一月 04 18:24:17 ## [ContainerBackgroundProcessor[StandardEngine[Catalina]]] ## INFO  ## com.hautbook.register.Action.SessionListener.sessionDestroyed(SessionListener.java:103) ## image1 注销成功！
2015 一月 04 18:24:17 ## [ContainerBackgroundProcessor[StandardEngine[Catalina]]] ## INFO  ## com.hautbook.register.Action.SessionListener.sessionDestroyed(SessionListener.java:103) ## image4 注销成功！
2015 一月 04 18:24:17 ## [ContainerBackgroundProcessor[StandardEngine[Catalina]]] ## INFO  ## com.hautbook.register.Action.SessionListener.sessionDestroyed(SessionListener.java:103) ## image3 注销成功！
2015 一月 04 18:24:17 ## [ContainerBackgroundProcessor[StandardEngine[Catalina]]] ## INFO  ## com.hautbook.register.Action.SessionListener.sessionDestroyed(SessionListener.java:107) ## 文件夹： F:\tomcatWeb\webapps\SecondBook2/temp/D86AA9E014C67629FA7B011E92FA045E删除成功！
2015 一月 05 09:29:22 ## [http-bio-8080-exec-3] ## INFO  ## com.hautbook.register.Action.SessionListener.sessionCreated(SessionListener.java:67) ## session 成功创建！
2015 一月 05 09:30:11 ## [ContainerBackgroundProcessor[StandardEngine[Catalina]]] ## INFO  ## com.hautbook.register.Action.SessionListener.sessionDestroyed(SessionListener.java:85) ## session到期，但用户已经下线！
2015 一月 05 09:30:11 ## [ContainerBackgroundProcessor[StandardEngine[Catalina]]] ## INFO  ## com.hautbook.register.Action.SessionListener.sessionDestroyed(SessionListener.java:103) ## image1 注销成功！
2015 一月 05 09:30:11 ## [ContainerBackgroundProcessor[StandardEngine[Catalina]]] ## INFO  ## com.hautbook.register.Action.SessionListener.sessionDestroyed(SessionListener.java:107) ## 文件夹： F:\tomcatWeb\webapps\SecondBook2/temp/382548D71041CDDEB3FF62ECC1DA6049删除成功！
2015 一月 05 09:30:13 ## [http-bio-8080-exec-8] ## INFO  ## com.hautbook.register.Action.SessionListener.sessionCreated(SessionListener.java:67) ## session 成功创建！
2015 一月 05 09:32:03 ## [ContainerBackgroundProcessor[StandardEngine[Catalina]]] ## INFO  ## com.hautbook.register.Action.SessionListener.sessionDestroyed(SessionListener.java:85) ## session到期，但用户已经下线！
2015 一月 05 09:32:03 ## [ContainerBackgroundProcessor[StandardEngine[Catalina]]] ## INFO  ## com.hautbook.register.Action.SessionListener.sessionDestroyed(SessionListener.java:103) ## image1 注销成功！
2015 一月 05 09:32:03 ## [ContainerBackgroundProcessor[StandardEngine[Catalina]]] ## INFO  ## com.hautbook.register.Action.SessionListener.sessionDestroyed(SessionListener.java:107) ## 文件夹： F:\tomcatWeb\webapps\SecondBook2/temp/8D0048156619C160FC74D6549B7346EB删除成功！
2015 一月 05 09:47:38 ## [http-bio-8080-exec-13] ## INFO  ## com.hautbook.register.Action.SessionListener.sessionCreated(SessionListener.java:67) ## session 成功创建！
2015 一月 05 09:49:07 ## [ContainerBackgroundProcessor[StandardEngine[Catalina]]] ## INFO  ## com.hautbook.register.Action.SessionListener.sessionDestroyed(SessionListener.java:85) ## session到期，但用户已经下线！
2015 一月 05 09:49:07 ## [ContainerBackgroundProcessor[StandardEngine[Catalina]]] ## INFO  ## com.hautbook.register.Action.SessionListener.sessionDestroyed(SessionListener.java:107) ## 文件夹： 删除成功！
2015 一月 08 20:58:35 ## [http-bio-8080-exec-11] ## INFO  ## com.hautbook.register.Action.SessionListener.sessionCreated(SessionListener.java:67) ## session 成功创建！
2015 一月 08 20:58:46 ## [localhost-startStop-2] ## INFO  ## com.hautbook.register.Action.SessionListener.sessionDestroyed(SessionListener.java:85) ## session到期，但用户已经下线！
2015 一月 08 20:58:46 ## [localhost-startStop-2] ## INFO  ## com.hautbook.register.Action.SessionListener.sessionDestroyed(SessionListener.java:107) ## 文件夹： 删除成功！
2015 一月 12 20:30:27 ## [http-bio-8080-exec-1] ## INFO  ## com.hautbook.register.Action.SessionListener.sessionCreated(SessionListener.java:67) ## session 成功创建！
2015 一月 12 20:30:36 ## [localhost-startStop-2] ## INFO  ## com.hautbook.register.Action.SessionListener.sessionDestroyed(SessionListener.java:85) ## session到期，但用户已经下线！
2015 一月 12 20:30:36 ## [localhost-startStop-2] ## INFO  ## com.hautbook.register.Action.SessionListener.sessionDestroyed(SessionListener.java:107) ## 文件夹： 删除成功！
2015 一月 18 09:44:03 ## [http-bio-8080-exec-1] ## INFO  ## com.hautbook.register.Action.SessionListener.sessionCreated(SessionListener.java:67) ## session 成功创建！
2015 一月 18 09:44:35 ## [localhost-startStop-2] ## INFO  ## com.hautbook.register.Action.SessionListener.sessionDestroyed(SessionListener.java:85) ## session到期，但用户已经下线！
2015 一月 18 09:44:36 ## [localhost-startStop-2] ## INFO  ## com.hautbook.register.Action.SessionListener.sessionDestroyed(SessionListener.java:107) ## 文件夹： 删除成功！
2015 一月 18 09:55:12 ## [http-bio-8080-exec-6] ## INFO  ## com.hautbook.register.Action.SessionListener.sessionCreated(SessionListener.java:67) ## session 成功创建！
2015 一月 18 09:56:33 ## [ContainerBackgroundProcessor[StandardEngine[Catalina]]] ## INFO  ## com.hautbook.register.Action.SessionListener.sessionDestroyed(SessionListener.java:85) ## session到期，但用户已经下线！
2015 一月 18 09:56:33 ## [ContainerBackgroundProcessor[StandardEngine[Catalina]]] ## INFO  ## com.hautbook.register.Action.SessionListener.sessionDestroyed(SessionListener.java:107) ## 文件夹： 删除成功！
2015 一月 18 10:01:43 ## [http-bio-8080-exec-8] ## INFO  ## com.hautbook.register.Action.SessionListener.sessionCreated(SessionListener.java:67) ## session 成功创建！
2015 一月 18 10:03:34 ## [ContainerBackgroundProcessor[StandardEngine[Catalina]]] ## INFO  ## com.hautbook.register.Action.SessionListener.sessionDestroyed(SessionListener.java:85) ## session到期，但用户已经下线！
2015 一月 18 10:03:34 ## [ContainerBackgroundProcessor[StandardEngine[Catalina]]] ## INFO  ## com.hautbook.register.Action.SessionListener.sessionDestroyed(SessionListener.java:107) ## 文件夹： 删除成功！
2015 一月 19 09:25:51 ## [http-bio-8080-exec-4] ## INFO  ## com.hautbook.register.Action.SessionListener.sessionCreated(SessionListener.java:67) ## session 成功创建！
2015 一月 19 09:27:33 ## [ContainerBackgroundProcessor[StandardEngine[Catalina]]] ## INFO  ## com.hautbook.register.Action.SessionListener.sessionDestroyed(SessionListener.java:85) ## session到期，但用户已经下线！
2015 一月 19 09:27:33 ## [ContainerBackgroundProcessor[StandardEngine[Catalina]]] ## INFO  ## com.hautbook.register.Action.SessionListener.sessionDestroyed(SessionListener.java:107) ## 文件夹： 删除成功！
2015 一月 19 09:28:10 ## [http-bio-8080-exec-8] ## INFO  ## com.hautbook.register.Action.SessionListener.sessionCreated(SessionListener.java:67) ## session 成功创建！
2015 一月 19 09:28:37 ## [localhost-startStop-2] ## INFO  ## com.hautbook.register.Action.SessionListener.sessionDestroyed(SessionListener.java:85) ## session到期，但用户已经下线！
2015 一月 19 09:28:37 ## [localhost-startStop-2] ## INFO  ## com.hautbook.register.Action.SessionListener.sessionDestroyed(SessionListener.java:107) ## 文件夹： 删除成功！
2015 一月 19 18:41:31 ## [http-bio-8080-exec-3] ## INFO  ## com.hautbook.register.Action.SessionListener.sessionCreated(SessionListener.java:67) ## session 成功创建！
2015 一月 19 18:43:33 ## [ContainerBackgroundProcessor[StandardEngine[Catalina]]] ## INFO  ## com.hautbook.register.Action.SessionListener.sessionDestroyed(SessionListener.java:85) ## session到期，但用户已经下线！
2015 一月 19 18:43:33 ## [ContainerBackgroundProcessor[StandardEngine[Catalina]]] ## INFO  ## com.hautbook.register.Action.SessionListener.sessionDestroyed(SessionListener.java:107) ## 文件夹： 删除成功！
2015 三月 09 20:17:48 ## [http-bio-8080-exec-3] ## INFO  ## com.hautbook.register.Action.SessionListener.sessionCreated(SessionListener.java:67) ## session 成功创建！
2015 三月 09 20:19:46 ## [http-bio-8080-exec-3] ## INFO  ## com.hautbook.register.Action.SessionListener.sessionDestroyed(SessionListener.java:85) ## session到期，但用户已经下线！
2015 三月 09 20:19:46 ## [http-bio-8080-exec-3] ## INFO  ## com.hautbook.register.Action.SessionListener.sessionDestroyed(SessionListener.java:107) ## 文件夹： 删除成功！
2015 三月 09 20:19:47 ## [http-bio-8080-exec-3] ## INFO  ## com.hautbook.register.Action.SessionListener.sessionCreated(SessionListener.java:67) ## session 成功创建！
2015 三月 09 20:20:12 ## [http-bio-8080-exec-7] ## INFO  ## com.hautbook.register.Action.SessionListener.attributeAdded(SessionListener.java:40) ## 成功将信息科学与工程学院_caiyao信息添加到application中！
2015 三月 09 20:20:28 ## [http-bio-8080-exec-7] ## INFO  ## com.hautbook.register.Action.SessionListener.attributeRemoved(SessionListener.java:49) ## 成功将该信息科学与工程学院_caiyao信息用户从application中移除！
2015 三月 09 20:25:09 ## [ContainerBackgroundProcessor[StandardEngine[Catalina]]] ## INFO  ## com.hautbook.register.Action.SessionListener.sessionDestroyed(SessionListener.java:85) ## session到期，但用户已经下线！
2015 三月 09 20:26:46 ## [http-bio-8080-exec-8] ## INFO  ## com.hautbook.register.Action.SessionListener.sessionCreated(SessionListener.java:67) ## session 成功创建！
2015 三月 09 20:26:59 ## [http-bio-8080-exec-8] ## INFO  ## com.hautbook.register.Action.SessionListener.attributeAdded(SessionListener.java:40) ## 成功将信息科学与工程学院_caiyao信息添加到application中！
2015 三月 09 20:29:10 ## [ContainerBackgroundProcessor[StandardEngine[Catalina]]] ## INFO  ## com.hautbook.register.Action.SessionListener.sessionDestroyed(SessionListener.java:82) ## 信息科学与工程学院_caiyao session到期强制下线！
2015 三月 09 20:29:10 ## [ContainerBackgroundProcessor[StandardEngine[Catalina]]] ## INFO  ## com.hautbook.register.Action.SessionListener.attributeRemoved(SessionListener.java:49) ## 成功将该信息科学与工程学院_caiyao信息用户从application中移除！
2015 三月 09 20:32:30 ## [http-bio-8080-exec-3] ## INFO  ## com.hautbook.register.Action.SessionListener.sessionCreated(SessionListener.java:67) ## session 成功创建！
2015 三月 09 20:35:15 ## [ContainerBackgroundProcessor[StandardEngine[Catalina]]] ## INFO  ## com.hautbook.register.Action.SessionListener.sessionDestroyed(SessionListener.java:85) ## session到期，但用户已经下线！
2015 三月 09 20:35:15 ## [ContainerBackgroundProcessor[StandardEngine[Catalina]]] ## INFO  ## com.hautbook.register.Action.SessionListener.sessionDestroyed(SessionListener.java:107) ## 文件夹： 删除成功！
2015 三月 09 20:36:37 ## [http-bio-8080-exec-6] ## INFO  ## com.hautbook.register.Action.SessionListener.sessionCreated(SessionListener.java:67) ## session 成功创建！
2015 三月 09 20:37:57 ## [localhost-startStop-2] ## INFO  ## com.hautbook.register.Action.SessionListener.sessionDestroyed(SessionListener.java:85) ## session到期，但用户已经下线！
2015 三月 09 20:37:57 ## [localhost-startStop-2] ## INFO  ## com.hautbook.register.Action.SessionListener.sessionDestroyed(SessionListener.java:107) ## 文件夹： 删除成功！
2015 三月 09 20:38:18 ## [http-bio-8080-exec-3] ## INFO  ## com.hautbook.register.Action.SessionListener.sessionCreated(SessionListener.java:67) ## session 成功创建！
2015 三月 09 20:39:25 ## [http-bio-8080-exec-9] ## INFO  ## com.hautbook.register.Action.SessionListener.attributeAdded(SessionListener.java:40) ## 成功将信息科学与工程学院_caiyao信息添加到application中！
2015 三月 09 20:42:10 ## [ContainerBackgroundProcessor[StandardEngine[Catalina]]] ## INFO  ## com.hautbook.register.Action.SessionListener.sessionDestroyed(SessionListener.java:82) ## 信息科学与工程学院_caiyao session到期强制下线！
2015 三月 09 20:42:10 ## [ContainerBackgroundProcessor[StandardEngine[Catalina]]] ## INFO  ## com.hautbook.register.Action.SessionListener.attributeRemoved(SessionListener.java:49) ## 成功将该信息科学与工程学院_caiyao信息用户从application中移除！
2015 三月 09 20:44:46 ## [http-bio-8080-exec-2] ## INFO  ## com.hautbook.register.Action.SessionListener.sessionCreated(SessionListener.java:67) ## session 成功创建！
2015 三月 09 20:45:04 ## [http-bio-8080-exec-7] ## INFO  ## com.hautbook.register.Action.SessionListener.attributeAdded(SessionListener.java:40) ## 成功将信息科学与工程学院_caiyao信息添加到application中！
2015 三月 09 20:45:13 ## [http-bio-8080-exec-7] ## INFO  ## com.hautbook.register.Action.SessionListener.attributeReplaced(SessionListener.java:58) ## 替换application中信息科学与工程学院_caiyao的值！
2015 三月 09 20:45:17 ## [http-bio-8080-exec-7] ## INFO  ## com.hautbook.register.Action.SessionListener.attributeReplaced(SessionListener.java:58) ## 替换application中信息科学与工程学院_caiyao的值！
2015 三月 09 20:45:21 ## [http-bio-8080-exec-7] ## INFO  ## com.hautbook.register.Action.SessionListener.attributeRemoved(SessionListener.java:49) ## 成功将该信息科学与工程学院_caiyao信息用户从application中移除！
2015 三月 09 20:45:24 ## [http-bio-8080-exec-7] ## INFO  ## com.hautbook.register.Action.SessionListener.attributeAdded(SessionListener.java:40) ## 成功将信息科学与工程学院_caiyao信息添加到application中！
2015 三月 09 20:45:36 ## [http-bio-8080-exec-7] ## INFO  ## com.hautbook.register.Action.SessionListener.attributeReplaced(SessionListener.java:58) ## 替换application中信息科学与工程学院_caiyao的值！
2015 三月 09 20:46:32 ## [http-bio-8080-exec-5] ## INFO  ## com.hautbook.register.Action.SessionListener.attributeReplaced(SessionListener.java:58) ## 替换application中信息科学与工程学院_caiyao的值！
2015 三月 09 20:46:44 ## [http-bio-8080-exec-2] ## INFO  ## com.hautbook.register.Action.SessionListener.attributeReplaced(SessionListener.java:58) ## 替换application中信息科学与工程学院_caiyao的值！
2015 三月 09 20:48:11 ## [ContainerBackgroundProcessor[StandardEngine[Catalina]]] ## INFO  ## com.hautbook.register.Action.SessionListener.sessionDestroyed(SessionListener.java:82) ## 信息科学与工程学院_caiyao session到期强制下线！
2015 三月 09 20:48:11 ## [ContainerBackgroundProcessor[StandardEngine[Catalina]]] ## INFO  ## com.hautbook.register.Action.SessionListener.attributeRemoved(SessionListener.java:49) ## 成功将该信息科学与工程学院_caiyao信息用户从application中移除！
2015 三月 09 20:49:14 ## [http-bio-8080-exec-8] ## INFO  ## com.hautbook.register.Action.SessionListener.sessionCreated(SessionListener.java:67) ## session 成功创建！
2015 三月 09 20:50:06 ## [http-bio-8080-exec-5] ## INFO  ## com.hautbook.register.Action.SessionListener.attributeAdded(SessionListener.java:40) ## 成功将信息科学与工程学院_caiyao信息添加到application中！
2015 三月 09 20:50:17 ## [http-bio-8080-exec-5] ## INFO  ## com.hautbook.register.Action.SessionListener.attributeReplaced(SessionListener.java:58) ## 替换application中信息科学与工程学院_caiyao的值！
2015 三月 09 20:50:34 ## [localhost-startStop-2] ## INFO  ## com.hautbook.register.Action.SessionListener.sessionDestroyed(SessionListener.java:82) ## 信息科学与工程学院_caiyao session到期强制下线！
2015 三月 09 20:50:34 ## [localhost-startStop-2] ## INFO  ## com.hautbook.register.Action.SessionListener.attributeRemoved(SessionListener.java:49) ## 成功将该信息科学与工程学院_caiyao信息用户从application中移除！
2015 三月 09 20:50:54 ## [http-bio-8080-exec-3] ## INFO  ## com.hautbook.register.Action.SessionListener.sessionCreated(SessionListener.java:67) ## session 成功创建！
2015 三月 09 20:51:20 ## [http-bio-8080-exec-7] ## INFO  ## com.hautbook.register.Action.SessionListener.attributeAdded(SessionListener.java:40) ## 成功将信息科学与工程学院_caiyao信息添加到application中！
2015 三月 09 20:51:27 ## [http-bio-8080-exec-8] ## INFO  ## com.hautbook.register.Action.SessionListener.attributeRemoved(SessionListener.java:49) ## 成功将该信息科学与工程学院_caiyao信息用户从application中移除！
2015 三月 09 20:51:40 ## [http-bio-8080-exec-9] ## INFO  ## com.hautbook.register.Action.SessionListener.attributeAdded(SessionListener.java:40) ## 成功将信息科学与工程学院_caiyao信息添加到application中！
2015 三月 09 20:51:42 ## [http-bio-8080-exec-10] ## INFO  ## com.hautbook.register.Action.SessionListener.attributeReplaced(SessionListener.java:58) ## 替换application中信息科学与工程学院_caiyao的值！
2015 三月 09 20:53:31 ## [http-bio-8080-exec-3] ## INFO  ## com.hautbook.register.Action.SessionListener.attributeReplaced(SessionListener.java:58) ## 替换application中信息科学与工程学院_caiyao的值！
2015 三月 09 20:55:47 ## [ContainerBackgroundProcessor[StandardEngine[Catalina]]] ## INFO  ## com.hautbook.register.Action.SessionListener.sessionDestroyed(SessionListener.java:82) ## 信息科学与工程学院_caiyao session到期强制下线！
2015 三月 09 20:55:47 ## [ContainerBackgroundProcessor[StandardEngine[Catalina]]] ## INFO  ## com.hautbook.register.Action.SessionListener.attributeRemoved(SessionListener.java:49) ## 成功将该信息科学与工程学院_caiyao信息用户从application中移除！
2015 三月 09 20:56:33 ## [http-bio-8080-exec-9] ## INFO  ## com.hautbook.register.Action.SessionListener.sessionCreated(SessionListener.java:67) ## session 成功创建！
2015 三月 09 20:56:33 ## [http-bio-8080-exec-9] ## INFO  ## com.hautbook.register.Action.SessionListener.attributeAdded(SessionListener.java:40) ## 成功将信息科学与工程学院_caiyao信息添加到application中！
2015 三月 09 20:57:12 ## [http-bio-8080-exec-9] ## INFO  ## com.hautbook.register.Action.SessionListener.attributeReplaced(SessionListener.java:58) ## 替换application中信息科学与工程学院_caiyao的值！
2015 三月 09 20:58:48 ## [ContainerBackgroundProcessor[StandardEngine[Catalina]]] ## INFO  ## com.hautbook.register.Action.SessionListener.sessionDestroyed(SessionListener.java:82) ## 信息科学与工程学院_caiyao session到期强制下线！
2015 三月 09 20:58:48 ## [ContainerBackgroundProcessor[StandardEngine[Catalina]]] ## INFO  ## com.hautbook.register.Action.SessionListener.attributeRemoved(SessionListener.java:49) ## 成功将该信息科学与工程学院_caiyao信息用户从application中移除！
2015 三月 09 20:59:19 ## [http-bio-8080-exec-4] ## INFO  ## com.hautbook.register.Action.SessionListener.sessionCreated(SessionListener.java:67) ## session 成功创建！
2015 三月 09 20:59:39 ## [http-bio-8080-exec-4] ## INFO  ## com.hautbook.register.Action.SessionListener.attributeAdded(SessionListener.java:40) ## 成功将信息科学与工程学院_caiyao信息添加到application中！
2015 三月 09 21:01:49 ## [ContainerBackgroundProcessor[StandardEngine[Catalina]]] ## INFO  ## com.hautbook.register.Action.SessionListener.sessionDestroyed(SessionListener.java:82) ## 信息科学与工程学院_caiyao session到期强制下线！
2015 三月 09 21:01:49 ## [ContainerBackgroundProcessor[StandardEngine[Catalina]]] ## INFO  ## com.hautbook.register.Action.SessionListener.attributeRemoved(SessionListener.java:49) ## 成功将该信息科学与工程学院_caiyao信息用户从application中移除！
2015 三月 09 21:02:53 ## [http-bio-8080-exec-3] ## INFO  ## com.hautbook.register.Action.SessionListener.sessionCreated(SessionListener.java:67) ## session 成功创建！
2015 三月 09 21:03:03 ## [http-bio-8080-exec-6] ## INFO  ## com.hautbook.register.Action.SessionListener.attributeAdded(SessionListener.java:40) ## 成功将信息科学与工程学院_caiyao信息添加到application中！
2015 三月 09 21:04:38 ## [ContainerBackgroundProcessor[StandardEngine[Catalina]]] ## INFO  ## com.hautbook.register.Action.SessionListener.sessionDestroyed(SessionListener.java:82) ## 信息科学与工程学院_caiyao session到期强制下线！
2015 三月 09 21:04:38 ## [ContainerBackgroundProcessor[StandardEngine[Catalina]]] ## INFO  ## com.hautbook.register.Action.SessionListener.attributeRemoved(SessionListener.java:49) ## 成功将该信息科学与工程学院_caiyao信息用户从application中移除！
2015 三月 09 21:08:08 ## [http-bio-8080-exec-8] ## INFO  ## com.hautbook.register.Action.SessionListener.sessionCreated(SessionListener.java:67) ## session 成功创建！
2015 三月 09 21:08:08 ## [http-bio-8080-exec-8] ## INFO  ## com.hautbook.register.Action.SessionListener.attributeAdded(SessionListener.java:40) ## 成功将信息科学与工程学院_caiyao信息添加到application中！
2015 三月 09 21:08:14 ## [http-bio-8080-exec-9] ## INFO  ## com.hautbook.register.Action.SessionListener.sessionCreated(SessionListener.java:67) ## session 成功创建！
2015 三月 09 21:08:14 ## [http-bio-8080-exec-9] ## INFO  ## com.hautbook.register.Action.SessionListener.attributeAdded(SessionListener.java:40) ## 成功将信息科学与工程学院_caiyao信息添加到application中！
2015 三月 09 21:09:09 ## [http-bio-8080-exec-10] ## INFO  ## com.hautbook.register.Action.SessionListener.sessionCreated(SessionListener.java:67) ## session 成功创建！
2015 三月 09 21:09:09 ## [http-bio-8080-exec-10] ## INFO  ## com.hautbook.register.Action.SessionListener.attributeAdded(SessionListener.java:40) ## 成功将信息科学与工程学院_caiyao信息添加到application中！
2015 三月 09 21:09:39 ## [ContainerBackgroundProcessor[StandardEngine[Catalina]]] ## INFO  ## com.hautbook.register.Action.SessionListener.sessionDestroyed(SessionListener.java:82) ## 信息科学与工程学院_caiyao session到期强制下线！
2015 三月 09 21:09:39 ## [ContainerBackgroundProcessor[StandardEngine[Catalina]]] ## INFO  ## com.hautbook.register.Action.SessionListener.attributeRemoved(SessionListener.java:49) ## 成功将该信息科学与工程学院_caiyao信息用户从application中移除！
2015 三月 09 21:10:39 ## [ContainerBackgroundProcessor[StandardEngine[Catalina]]] ## INFO  ## com.hautbook.register.Action.SessionListener.sessionDestroyed(SessionListener.java:82) ## 信息科学与工程学院_caiyao session到期强制下线！
2015 三月 09 21:10:39 ## [ContainerBackgroundProcessor[StandardEngine[Catalina]]] ## INFO  ## com.hautbook.register.Action.SessionListener.attributeRemoved(SessionListener.java:49) ## 成功将该信息科学与工程学院_caiyao信息用户从application中移除！
2015 三月 09 21:10:39 ## [ContainerBackgroundProcessor[StandardEngine[Catalina]]] ## INFO  ## com.hautbook.register.Action.SessionListener.sessionDestroyed(SessionListener.java:82) ## 信息科学与工程学院_caiyao session到期强制下线！
2015 三月 09 21:10:39 ## [ContainerBackgroundProcessor[StandardEngine[Catalina]]] ## INFO  ## com.hautbook.register.Action.SessionListener.attributeRemoved(SessionListener.java:49) ## 成功将该信息科学与工程学院_caiyao信息用户从application中移除！
2015 三月 09 21:27:43 ## [http-bio-8080-exec-1] ## INFO  ## com.hautbook.register.Action.SessionListener.sessionCreated(SessionListener.java:67) ## session 成功创建！
2015 三月 09 21:27:43 ## [http-bio-8080-exec-1] ## INFO  ## com.hautbook.register.Action.SessionListener.attributeAdded(SessionListener.java:40) ## 成功将信息科学与工程学院_caiyao信息添加到application中！
2015 三月 09 21:27:46 ## [http-bio-8080-exec-1] ## INFO  ## com.hautbook.register.Action.SessionListener.attributeRemoved(SessionListener.java:49) ## 成功将该信息科学与工程学院_caiyao信息用户从application中移除！
2015 三月 09 21:27:49 ## [http-bio-8080-exec-3] ## INFO  ## com.hautbook.register.Action.SessionListener.sessionCreated(SessionListener.java:67) ## session 成功创建！
2015 三月 09 21:27:49 ## [http-bio-8080-exec-3] ## INFO  ## com.hautbook.register.Action.SessionListener.attributeAdded(SessionListener.java:40) ## 成功将信息科学与工程学院_caiyao信息添加到application中！
2015 三月 09 21:27:51 ## [http-bio-8080-exec-2] ## INFO  ## com.hautbook.register.Action.SessionListener.sessionCreated(SessionListener.java:67) ## session 成功创建！
2015 三月 09 21:27:51 ## [http-bio-8080-exec-2] ## INFO  ## com.hautbook.register.Action.SessionListener.attributeAdded(SessionListener.java:40) ## 成功将信息科学与工程学院_caiyao信息添加到application中！
2015 三月 09 21:29:43 ## [ContainerBackgroundProcessor[StandardEngine[Catalina]]] ## INFO  ## com.hautbook.register.Action.SessionListener.sessionDestroyed(SessionListener.java:82) ## 信息科学与工程学院_caiyao session到期强制下线！
2015 三月 09 21:29:43 ## [ContainerBackgroundProcessor[StandardEngine[Catalina]]] ## INFO  ## com.hautbook.register.Action.SessionListener.attributeRemoved(SessionListener.java:49) ## 成功将该信息科学与工程学院_caiyao信息用户从application中移除！
2015 三月 09 21:29:43 ## [ContainerBackgroundProcessor[StandardEngine[Catalina]]] ## INFO  ## com.hautbook.register.Action.SessionListener.sessionDestroyed(SessionListener.java:85) ## session到期，但用户已经下线！
2015 三月 09 21:29:43 ## [ContainerBackgroundProcessor[StandardEngine[Catalina]]] ## INFO  ## com.hautbook.register.Action.SessionListener.sessionDestroyed(SessionListener.java:107) ## 文件夹： 删除成功！
2015 三月 09 21:29:43 ## [ContainerBackgroundProcessor[StandardEngine[Catalina]]] ## INFO  ## com.hautbook.register.Action.SessionListener.sessionDestroyed(SessionListener.java:82) ## 信息科学与工程学院_caiyao session到期强制下线！
2015 三月 09 21:29:43 ## [ContainerBackgroundProcessor[StandardEngine[Catalina]]] ## INFO  ## com.hautbook.register.Action.SessionListener.attributeRemoved(SessionListener.java:49) ## 成功将该信息科学与工程学院_caiyao信息用户从application中移除！
